[0m23:34:14.073622 [debug] [MainThread]: Sending event: {'category': 'dbt', 'action': 'invocation', 'label': 'start', 'context': [<snowplow_tracker.self_describing_json.SelfDescribingJson object at 0x000002131CD5E5D0>, <snowplow_tracker.self_describing_json.SelfDescribingJson object at 0x000002131CF1FCE0>, <snowplow_tracker.self_describing_json.SelfDescribingJson object at 0x000002131CFAAFC0>]}


============================== 23:34:14.089246 | dc61c549-fdcb-42e0-8337-058a579ea7a0 ==============================
[0m23:34:14.089246 [info ] [MainThread]: Running with dbt=1.11.2
[0m23:34:14.104863 [debug] [MainThread]: running dbt with arguments {'version_check': 'True', 'no_print': 'None', 'static_parser': 'True', 'target_path': 'None', 'warn_error_options': 'WarnErrorOptionsV2(error=[], warn=[], silence=[])', 'printer_width': '80', 'write_json': 'True', 'empty': 'None', 'log_cache_events': 'False', 'introspect': 'True', 'cache_selected_only': 'False', 'fail_fast': 'False', 'debug': 'False', 'log_format': 'default', 'profiles_dir': 'C:\\Users\\Admin\\.dbt', 'send_anonymous_usage_stats': 'True', 'quiet': 'False', 'warn_error': 'None', 'partial_parse': 'True', 'invocation_command': 'dbt init --skip-profile-setup airbnb', 'indirect_selection': 'eager', 'use_colors': 'True', 'use_experimental_parser': 'False', 'log_path': 'logs'}
[0m23:34:14.237023 [debug] [MainThread]: Starter project path: D:\DBT\course\.venv\Lib\site-packages\dbt\include\starter_project
[0m23:34:14.421531 [info ] [MainThread]: 
Your new dbt project "airbnb" was created!

For more information on how to configure the profiles.yml file,
please consult the dbt documentation here:

  https://docs.getdbt.com/docs/configure-your-profile

One more thing:

Need help? Don't hesitate to reach out to us via GitHub issues or on Slack:

  https://community.getdbt.com/

Happy modeling!

[0m23:34:14.426516 [debug] [MainThread]: Command `dbt init` succeeded at 23:34:14.426516 after 0.98 seconds
[0m23:34:14.428512 [debug] [MainThread]: Sending event: {'category': 'dbt', 'action': 'invocation', 'label': 'end', 'context': [<snowplow_tracker.self_describing_json.SelfDescribingJson object at 0x000002131D0B0DD0>, <snowplow_tracker.self_describing_json.SelfDescribingJson object at 0x000002131E11CB90>, <snowplow_tracker.self_describing_json.SelfDescribingJson object at 0x000002131CFAAFC0>]}
[0m23:34:14.430506 [debug] [MainThread]: Flushing usage events
[0m23:34:17.616874 [debug] [MainThread]: An error was encountered while trying to flush usage events
[0m13:18:51.417542 [debug] [MainThread]: Sending event: {'category': 'dbt', 'action': 'invocation', 'label': 'start', 'context': [<snowplow_tracker.self_describing_json.SelfDescribingJson object at 0x000001DF9ACB0D70>, <snowplow_tracker.self_describing_json.SelfDescribingJson object at 0x000001DF9B455040>, <snowplow_tracker.self_describing_json.SelfDescribingJson object at 0x000001DF9B364AD0>]}


============================== 13:18:51.436344 | 0abd49f9-55d2-427e-afeb-ab501a656d77 ==============================
[0m13:18:51.436344 [info ] [MainThread]: Running with dbt=1.11.2
[0m13:18:51.438337 [debug] [MainThread]: running dbt with arguments {'static_parser': 'True', 'no_print': 'None', 'version_check': 'True', 'warn_error_options': 'WarnErrorOptionsV2(error=[], warn=[], silence=[])', 'target_path': 'None', 'printer_width': '80', 'write_json': 'True', 'introspect': 'True', 'log_cache_events': 'False', 'empty': 'None', 'cache_selected_only': 'False', 'fail_fast': 'False', 'debug': 'False', 'log_format': 'default', 'profiles_dir': 'C:\\Users\\Admin\\.dbt', 'send_anonymous_usage_stats': 'True', 'quiet': 'False', 'warn_error': 'None', 'partial_parse': 'True', 'use_colors': 'True', 'indirect_selection': 'eager', 'invocation_command': 'dbt debug', 'use_experimental_parser': 'False', 'log_path': 'logs'}
[0m13:18:51.505371 [info ] [MainThread]: dbt version: 1.11.2
[0m13:18:51.507835 [info ] [MainThread]: python version: 3.12.1
[0m13:18:51.508958 [info ] [MainThread]: python path: D:\DBT\course\.venv\Scripts\python.exe
[0m13:18:51.510949 [info ] [MainThread]: os info: Windows-10-10.0.19045-SP0
[0m13:18:51.514488 [info ] [MainThread]: Using profiles dir at C:\Users\Admin\.dbt
[0m13:18:51.516253 [info ] [MainThread]: Using profiles.yml file at C:\Users\Admin\.dbt\profiles.yml
[0m13:18:51.517732 [info ] [MainThread]: Using dbt_project.yml file at D:\DBT\course\dbt_project.yml
[0m13:18:51.520484 [info ] [MainThread]: Configuration:
[0m13:18:51.522843 [info ] [MainThread]:   profiles.yml file [[31mERROR not found[0m]
[0m13:18:51.524808 [info ] [MainThread]:   dbt_project.yml file [[31mERROR not found[0m]
[0m13:18:51.529482 [info ] [MainThread]: Required dependencies:
[0m13:18:51.532247 [debug] [MainThread]: Executing "git --help"
[0m13:18:51.772447 [debug] [MainThread]: STDOUT: "b"usage: git [-v | --version] [-h | --help] [-C <path>] [-c <name>=<value>]\n           [--exec-path[=<path>]] [--html-path] [--man-path] [--info-path]\n           [-p | --paginate | -P | --no-pager] [--no-replace-objects] [--no-lazy-fetch]\n           [--no-optional-locks] [--no-advice] [--bare] [--git-dir=<path>]\n           [--work-tree=<path>] [--namespace=<name>] [--config-env=<name>=<envvar>]\n           <command> [<args>]\n\nThese are common Git commands used in various situations:\n\nstart a working area (see also: git help tutorial)\n   clone      Clone a repository into a new directory\n   init       Create an empty Git repository or reinitialize an existing one\n\nwork on the current change (see also: git help everyday)\n   add        Add file contents to the index\n   mv         Move or rename a file, a directory, or a symlink\n   restore    Restore working tree files\n   rm         Remove files from the working tree and from the index\n\nexamine the history and state (see also: git help revisions)\n   bisect     Use binary search to find the commit that introduced a bug\n   diff       Show changes between commits, commit and working tree, etc\n   grep       Print lines matching a pattern\n   log        Show commit logs\n   show       Show various types of objects\n   status     Show the working tree status\n\ngrow, mark and tweak your common history\n   backfill   Download missing objects in a partial clone\n   branch     List, create, or delete branches\n   commit     Record changes to the repository\n   merge      Join two or more development histories together\n   rebase     Reapply commits on top of another base tip\n   reset      Reset current HEAD to the specified state\n   switch     Switch branches\n   tag        Create, list, delete or verify tags\n\ncollaborate (see also: git help workflows)\n   fetch      Download objects and refs from another repository\n   pull       Fetch from and integrate with another repository or a local branch\n   push       Update remote refs along with associated objects\n\n'git help -a' and 'git help -g' list available subcommands and some\nconcept guides. See 'git help <command>' or 'git help <concept>'\nto read about a specific subcommand or concept.\nSee 'git help git' for an overview of the system.\n""
[0m13:18:51.777337 [debug] [MainThread]: STDERR: "b''"
[0m13:18:51.782553 [info ] [MainThread]:  - git [[32mOK found[0m]

[0m13:18:51.788511 [info ] [MainThread]: Connection test skipped since no profile was found
[0m13:18:51.793829 [info ] [MainThread]: [31m2 checks failed:[0m
[0m13:18:51.798883 [info ] [MainThread]: dbt looked for a profiles.yml file in C:\Users\Admin\.dbt\profiles.yml, but did
not find one. For more information on configuring your profile, consult the
documentation:

https://docs.getdbt.com/docs/configure-your-profile


[0m13:18:51.807321 [info ] [MainThread]: Project loading failed for the following reason:
 project path <D:\DBT\course\dbt_project.yml> not found

[0m13:18:51.814597 [debug] [MainThread]: Command `dbt debug` failed at 13:18:51.814597 after 0.87 seconds
[0m13:18:51.822609 [debug] [MainThread]: Sending event: {'category': 'dbt', 'action': 'invocation', 'label': 'end', 'context': [<snowplow_tracker.self_describing_json.SelfDescribingJson object at 0x000001DF9AD1E930>, <snowplow_tracker.self_describing_json.SelfDescribingJson object at 0x000001DF9AEC0200>, <snowplow_tracker.self_describing_json.SelfDescribingJson object at 0x000001DF9ABD81D0>]}
[0m13:18:51.827622 [debug] [MainThread]: Flushing usage events
[0m13:18:54.379627 [debug] [MainThread]: An error was encountered while trying to flush usage events
[0m13:40:10.220621 [debug] [MainThread]: Sending event: {'category': 'dbt', 'action': 'invocation', 'label': 'start', 'context': [<snowplow_tracker.self_describing_json.SelfDescribingJson object at 0x000001EA2A414800>, <snowplow_tracker.self_describing_json.SelfDescribingJson object at 0x000001EA26D4DA60>, <snowplow_tracker.self_describing_json.SelfDescribingJson object at 0x000001EA2AA40770>]}


============================== 13:40:10.241563 | 75e6e953-af44-4461-8909-5c69c5e06c20 ==============================
[0m13:40:10.241563 [info ] [MainThread]: Running with dbt=1.11.2
[0m13:40:10.245554 [debug] [MainThread]: running dbt with arguments {'static_parser': 'True', 'no_print': 'None', 'version_check': 'True', 'target_path': 'None', 'warn_error_options': 'WarnErrorOptionsV2(error=[], warn=[], silence=[])', 'printer_width': '80', 'write_json': 'True', 'empty': 'None', 'log_cache_events': 'False', 'introspect': 'True', 'cache_selected_only': 'False', 'log_format': 'default', 'debug': 'False', 'fail_fast': 'False', 'profiles_dir': 'C:\\Users\\Admin\\.dbt', 'send_anonymous_usage_stats': 'True', 'quiet': 'False', 'warn_error': 'None', 'partial_parse': 'True', 'invocation_command': 'dbt debug', 'use_colors': 'True', 'indirect_selection': 'eager', 'use_experimental_parser': 'False', 'log_path': 'logs'}
[0m13:40:10.339327 [info ] [MainThread]: dbt version: 1.11.2
[0m13:40:10.342296 [info ] [MainThread]: python version: 3.12.1
[0m13:40:10.343782 [info ] [MainThread]: python path: D:\DBT\course\.venv\Scripts\python.exe
[0m13:40:10.345715 [info ] [MainThread]: os info: Windows-10-10.0.19045-SP0
[0m13:40:10.349480 [info ] [MainThread]: Using profiles dir at C:\Users\Admin\.dbt
[0m13:40:10.353267 [info ] [MainThread]: Using profiles.yml file at C:\Users\Admin\.dbt\profiles.yml
[0m13:40:10.356439 [info ] [MainThread]: Using dbt_project.yml file at D:\DBT\course\dbt_project.yml
[0m13:40:10.359251 [info ] [MainThread]: Configuration:
[0m13:40:10.362243 [info ] [MainThread]:   profiles.yml file [[31mERROR not found[0m]
[0m13:40:10.365256 [info ] [MainThread]:   dbt_project.yml file [[31mERROR not found[0m]
[0m13:40:10.373244 [info ] [MainThread]: Required dependencies:
[0m13:40:10.378200 [debug] [MainThread]: Executing "git --help"
[0m13:40:10.573675 [debug] [MainThread]: STDOUT: "b"usage: git [-v | --version] [-h | --help] [-C <path>] [-c <name>=<value>]\n           [--exec-path[=<path>]] [--html-path] [--man-path] [--info-path]\n           [-p | --paginate | -P | --no-pager] [--no-replace-objects] [--no-lazy-fetch]\n           [--no-optional-locks] [--no-advice] [--bare] [--git-dir=<path>]\n           [--work-tree=<path>] [--namespace=<name>] [--config-env=<name>=<envvar>]\n           <command> [<args>]\n\nThese are common Git commands used in various situations:\n\nstart a working area (see also: git help tutorial)\n   clone      Clone a repository into a new directory\n   init       Create an empty Git repository or reinitialize an existing one\n\nwork on the current change (see also: git help everyday)\n   add        Add file contents to the index\n   mv         Move or rename a file, a directory, or a symlink\n   restore    Restore working tree files\n   rm         Remove files from the working tree and from the index\n\nexamine the history and state (see also: git help revisions)\n   bisect     Use binary search to find the commit that introduced a bug\n   diff       Show changes between commits, commit and working tree, etc\n   grep       Print lines matching a pattern\n   log        Show commit logs\n   show       Show various types of objects\n   status     Show the working tree status\n\ngrow, mark and tweak your common history\n   backfill   Download missing objects in a partial clone\n   branch     List, create, or delete branches\n   commit     Record changes to the repository\n   merge      Join two or more development histories together\n   rebase     Reapply commits on top of another base tip\n   reset      Reset current HEAD to the specified state\n   switch     Switch branches\n   tag        Create, list, delete or verify tags\n\ncollaborate (see also: git help workflows)\n   fetch      Download objects and refs from another repository\n   pull       Fetch from and integrate with another repository or a local branch\n   push       Update remote refs along with associated objects\n\n'git help -a' and 'git help -g' list available subcommands and some\nconcept guides. See 'git help <command>' or 'git help <concept>'\nto read about a specific subcommand or concept.\nSee 'git help git' for an overview of the system.\n""
[0m13:40:10.576667 [debug] [MainThread]: STDERR: "b''"
[0m13:40:10.578662 [info ] [MainThread]:  - git [[32mOK found[0m]

[0m13:40:10.581655 [info ] [MainThread]: Connection test skipped since no profile was found
[0m13:40:10.584646 [info ] [MainThread]: [31m2 checks failed:[0m
[0m13:40:10.587639 [info ] [MainThread]: dbt looked for a profiles.yml file in C:\Users\Admin\.dbt\profiles.yml, but did
not find one. For more information on configuring your profile, consult the
documentation:

https://docs.getdbt.com/docs/configure-your-profile


[0m13:40:10.592751 [info ] [MainThread]: Project loading failed for the following reason:
 project path <D:\DBT\course\dbt_project.yml> not found

[0m13:40:10.600604 [debug] [MainThread]: Command `dbt debug` failed at 13:40:10.600277 after 1.00 seconds
[0m13:40:10.601601 [debug] [MainThread]: Sending event: {'category': 'dbt', 'action': 'invocation', 'label': 'end', 'context': [<snowplow_tracker.self_describing_json.SelfDescribingJson object at 0x000001EA2BAAFE90>, <snowplow_tracker.self_describing_json.SelfDescribingJson object at 0x000001EA2BB06210>, <snowplow_tracker.self_describing_json.SelfDescribingJson object at 0x000001EA2BAF5CD0>]}
[0m13:40:10.603595 [debug] [MainThread]: Flushing usage events
[0m13:40:12.924267 [debug] [MainThread]: An error was encountered while trying to flush usage events
